# JRE version: Java(TM) SE Runtime Environment (12.0.2+10) (build 12.0.2+10)
# Java VM: Java HotSpot(TM) 64-Bit Server VM (12.0.2+10, mixed mode, sharing, tiered, compressed oops, g1 gc, windows-amd64)
Heap:
 garbage-first heap   total 78848K, used 36298K [0x0000000700c00000, 0x0000000800000000)
  region size 1024K, 17 young (17408K), 5 survivors (5120K)
 Metaspace       used 51528K, capacity 53133K, committed 53276K, reserved 1095680K
  class space    used 7132K, capacity 7737K, committed 7788K, reserved 1048576K
GC Heap History (10 events):
Event: 1.601 GC heap before
{Heap before GC invocations=7 (full 0):
 garbage-first heap   total 157696K, used 25812K [0x0000000700c00000, 0x0000000800000000)
  region size 1024K, 18 young (18432K), 8 survivors (8192K)
 Metaspace       used 34775K, capacity 35856K, committed 35888K, reserved 1079296K
  class space    used 4801K, capacity 5228K, committed 5248K, reserved 1048576K
}
Event: 1.604 GC heap after
{Heap after GC invocations=8 (full 0):
 garbage-first heap   total 157696K, used 17375K [0x0000000700c00000, 0x0000000800000000)
  region size 1024K, 7 young (7168K), 7 survivors (7168K)
 Metaspace       used 34775K, capacity 35856K, committed 35888K, reserved 1079296K
  class space    used 4801K, capacity 5228K, committed 5248K, reserved 1048576K
}
Event: 1.827 GC heap before
{Heap before GC invocations=9 (full 0):
 garbage-first heap   total 65536K, used 49119K [0x0000000700c00000, 0x0000000800000000)
  region size 1024K, 38 young (38912K), 7 survivors (7168K)
 Metaspace       used 39304K, capacity 40439K, committed 40476K, reserved 1083392K
  class space    used 5509K, capacity 5959K, committed 5996K, reserved 1048576K
}
Event: 1.830 GC heap after
{Heap after GC invocations=10 (full 0):
 garbage-first heap   total 65536K, used 18862K [0x0000000700c00000, 0x0000000800000000)
  region size 1024K, 5 young (5120K), 5 survivors (5120K)
 Metaspace       used 39304K, capacity 40439K, committed 40476K, reserved 1083392K
  class space    used 5509K, capacity 5959K, committed 5996K, reserved 1048576K
}
Event: 2.122 GC heap before
{Heap before GC invocations=10 (full 0):
 garbage-first heap   total 65536K, used 50606K [0x0000000700c00000, 0x0000000800000000)
  region size 1024K, 36 young (36864K), 5 survivors (5120K)
 Metaspace       used 43283K, capacity 44640K, committed 44700K, reserved 1087488K
  class space    used 6087K, capacity 6605K, committed 6636K, reserved 1048576K
}
Event: 2.125 GC heap after
{Heap after GC invocations=11 (full 0):
 garbage-first heap   total 78848K, used 20996K [0x0000000700c00000, 0x0000000800000000)
  region size 1024K, 5 young (5120K), 5 survivors (5120K)
 Metaspace       used 43283K, capacity 44640K, committed 44700K, reserved 1087488K
  class space    used 6087K, capacity 6605K, committed 6636K, reserved 1048576K
}
Event: 2.313 GC heap before
{Heap before GC invocations=11 (full 0):
 garbage-first heap   total 78848K, used 59908K [0x0000000700c00000, 0x0000000800000000)
  region size 1024K, 43 young (44032K), 5 survivors (5120K)
 Metaspace       used 45439K, capacity 46933K, committed 47132K, reserved 1089536K
  class space    used 6400K, capacity 6957K, committed 7020K, reserved 1048576K
}
Event: 2.315 GC heap after
{Heap after GC invocations=12 (full 0):
 garbage-first heap   total 78848K, used 22993K [0x0000000700c00000, 0x0000000800000000)
  region size 1024K, 5 young (5120K), 5 survivors (5120K)
 Metaspace       used 45439K, capacity 46933K, committed 47132K, reserved 1089536K
  class space    used 6400K, capacity 6957K, committed 7020K, reserved 1048576K
}
Event: 4.474 GC heap before
{Heap before GC invocations=12 (full 0):
 garbage-first heap   total 78848K, used 59857K [0x0000000700c00000, 0x0000000800000000)
  region size 1024K, 42 young (43008K), 5 survivors (5120K)
 Metaspace       used 51102K, capacity 52757K, committed 53020K, reserved 1095680K
  class space    used 7080K, capacity 7697K, committed 7788K, reserved 1048576K
}
Event: 4.477 GC heap after
{Heap after GC invocations=13 (full 0):
 garbage-first heap   total 78848K, used 25034K [0x0000000700c00000, 0x0000000800000000)
  region size 1024K, 5 young (5120K), 5 survivors (5120K)
 Metaspace       used 51102K, capacity 52757K, committed 53020K, reserved 1095680K
  class space    used 7080K, capacity 7697K, committed 7788K, reserved 1048576K
}

